12-Apr-2020 17:16:58.957 INFORMAÇÕES [main] org.apache.catalina.startup.VersionLoggerListener.log Server version name:   Apache Tomcat/8.5.51
12-Apr-2020 17:16:58.961 INFORMAÇÕES [main] org.apache.catalina.startup.VersionLoggerListener.log Server built:          Feb 5 2020 22:26:25 UTC
12-Apr-2020 17:16:58.962 INFORMAÇÕES [main] org.apache.catalina.startup.VersionLoggerListener.log Server version number: 8.5.51.0
12-Apr-2020 17:16:58.963 INFORMAÇÕES [main] org.apache.catalina.startup.VersionLoggerListener.log OS Name:               Windows 10
12-Apr-2020 17:16:58.963 INFORMAÇÕES [main] org.apache.catalina.startup.VersionLoggerListener.log OS Version:            10.0
12-Apr-2020 17:16:58.964 INFORMAÇÕES [main] org.apache.catalina.startup.VersionLoggerListener.log Architecture:          amd64
12-Apr-2020 17:16:58.964 INFORMAÇÕES [main] org.apache.catalina.startup.VersionLoggerListener.log Java Home:             C:\Program Files\Java\jdk1.8.0_151\jre
12-Apr-2020 17:16:58.964 INFORMAÇÕES [main] org.apache.catalina.startup.VersionLoggerListener.log JVM Version:           1.8.0_151-b12
12-Apr-2020 17:16:58.964 INFORMAÇÕES [main] org.apache.catalina.startup.VersionLoggerListener.log JVM Vendor:            Oracle Corporation
12-Apr-2020 17:16:58.964 INFORMAÇÕES [main] org.apache.catalina.startup.VersionLoggerListener.log CATALINA_BASE:         C:\apache-tomcat-8.5.51
12-Apr-2020 17:16:58.964 INFORMAÇÕES [main] org.apache.catalina.startup.VersionLoggerListener.log CATALINA_HOME:         C:\apache-tomcat-8.5.51
12-Apr-2020 17:16:58.965 INFORMAÇÕES [main] org.apache.catalina.startup.VersionLoggerListener.log Command line argument: -Djava.util.logging.config.file=C:\apache-tomcat-8.5.51\conf\logging.properties
12-Apr-2020 17:16:58.965 INFORMAÇÕES [main] org.apache.catalina.startup.VersionLoggerListener.log Command line argument: -Djava.util.logging.manager=org.apache.juli.ClassLoaderLogManager
12-Apr-2020 17:16:58.965 INFORMAÇÕES [main] org.apache.catalina.startup.VersionLoggerListener.log Command line argument: -Dhttp.nonProxyHosts=localhost|127.0.0.1|DESKTOP-EUNP5LE
12-Apr-2020 17:16:58.965 INFORMAÇÕES [main] org.apache.catalina.startup.VersionLoggerListener.log Command line argument: -Djdk.tls.ephemeralDHKeySize=2048
12-Apr-2020 17:16:58.965 INFORMAÇÕES [main] org.apache.catalina.startup.VersionLoggerListener.log Command line argument: -Djava.protocol.handler.pkgs=org.apache.catalina.webresources
12-Apr-2020 17:16:58.966 INFORMAÇÕES [main] org.apache.catalina.startup.VersionLoggerListener.log Command line argument: -Dignore.endorsed.dirs=
12-Apr-2020 17:16:58.966 INFORMAÇÕES [main] org.apache.catalina.startup.VersionLoggerListener.log Command line argument: -Dcatalina.base=C:\apache-tomcat-8.5.51
12-Apr-2020 17:16:58.966 INFORMAÇÕES [main] org.apache.catalina.startup.VersionLoggerListener.log Command line argument: -Dcatalina.home=C:\apache-tomcat-8.5.51
12-Apr-2020 17:16:58.966 INFORMAÇÕES [main] org.apache.catalina.startup.VersionLoggerListener.log Command line argument: -Djava.io.tmpdir=C:\apache-tomcat-8.5.51\temp
12-Apr-2020 17:16:58.966 INFORMAÇÕES [main] org.apache.catalina.core.AprLifecycleListener.lifecycleEvent Loaded APR based Apache Tomcat Native library [1.2.23] using APR version [1.7.0].
12-Apr-2020 17:16:58.966 INFORMAÇÕES [main] org.apache.catalina.core.AprLifecycleListener.lifecycleEvent APR capabilities: IPv6 [true], sendfile [true], accept filters [false], random [true].
12-Apr-2020 17:16:58.967 INFORMAÇÕES [main] org.apache.catalina.core.AprLifecycleListener.lifecycleEvent APR/OpenSSL configuration: useAprConnector [false], useOpenSSL [true]
12-Apr-2020 17:16:59.070 INFORMAÇÕES [main] org.apache.catalina.core.AprLifecycleListener.initializeSSL OpenSSL successfully initialized [OpenSSL 1.1.1c  28 May 2019]
12-Apr-2020 17:16:59.338 INFORMAÇÕES [main] org.apache.coyote.AbstractProtocol.init Initializing ProtocolHandler ["http-nio-8080"]
12-Apr-2020 17:16:59.549 INFORMAÇÕES [main] org.apache.tomcat.util.net.NioSelectorPool.getSharedSelector Using a shared selector for servlet write/read
12-Apr-2020 17:16:59.571 INFORMAÇÕES [main] org.apache.catalina.startup.Catalina.load Initialization processed in 1621 ms
12-Apr-2020 17:16:59.674 INFORMAÇÕES [main] org.apache.catalina.core.StandardService.startInternal Starting service [Catalina]
12-Apr-2020 17:16:59.674 INFORMAÇÕES [main] org.apache.catalina.core.StandardEngine.startInternal Starting Servlet Engine: Apache Tomcat/8.5.51
12-Apr-2020 17:16:59.716 INFORMAÇÕES [localhost-startStop-1] org.apache.catalina.startup.HostConfig.deployDirectory Deploying web application directory [C:\apache-tomcat-8.5.51\webapps\docs]
12-Apr-2020 17:17:00.255 INFORMAÇÕES [localhost-startStop-1] org.apache.catalina.startup.HostConfig.deployDirectory Deployment of web application directory [C:\apache-tomcat-8.5.51\webapps\docs] has finished in [539] ms
12-Apr-2020 17:17:00.256 INFORMAÇÕES [localhost-startStop-1] org.apache.catalina.startup.HostConfig.deployDirectory Deploying web application directory [C:\apache-tomcat-8.5.51\webapps\examples]
12-Apr-2020 17:17:01.708 INFORMAÇÕES [localhost-startStop-1] org.apache.catalina.startup.HostConfig.deployDirectory Deployment of web application directory [C:\apache-tomcat-8.5.51\webapps\examples] has finished in [1,452] ms
12-Apr-2020 17:17:01.709 INFORMAÇÕES [localhost-startStop-1] org.apache.catalina.startup.HostConfig.deployDirectory Deploying web application directory [C:\apache-tomcat-8.5.51\webapps\host-manager]
12-Apr-2020 17:17:01.775 INFORMAÇÕES [localhost-startStop-1] org.apache.catalina.startup.HostConfig.deployDirectory Deployment of web application directory [C:\apache-tomcat-8.5.51\webapps\host-manager] has finished in [66] ms
12-Apr-2020 17:17:01.775 INFORMAÇÕES [localhost-startStop-1] org.apache.catalina.startup.HostConfig.deployDirectory Deploying web application directory [C:\apache-tomcat-8.5.51\webapps\manager]
12-Apr-2020 17:17:01.833 INFORMAÇÕES [localhost-startStop-1] org.apache.catalina.startup.HostConfig.deployDirectory Deployment of web application directory [C:\apache-tomcat-8.5.51\webapps\manager] has finished in [58] ms
12-Apr-2020 17:17:01.833 INFORMAÇÕES [localhost-startStop-1] org.apache.catalina.startup.HostConfig.deployDirectory Deploying web application directory [C:\apache-tomcat-8.5.51\webapps\ROOT]
12-Apr-2020 17:17:01.913 INFORMAÇÕES [localhost-startStop-1] org.apache.catalina.startup.HostConfig.deployDirectory Deployment of web application directory [C:\apache-tomcat-8.5.51\webapps\ROOT] has finished in [80] ms
12-Apr-2020 17:17:01.922 INFORMAÇÕES [main] org.apache.coyote.AbstractProtocol.start Starting ProtocolHandler ["http-nio-8080"]
12-Apr-2020 17:17:01.957 INFORMAÇÕES [main] org.apache.catalina.startup.Catalina.start Server startup in 2386 ms
12-Apr-2020 17:19:34.225 INFORMAÇÕES [http-nio-8080-exec-9] org.apache.catalina.startup.HostConfig.deployDescriptor Deploying deployment descriptor [C:\apache-tomcat-8.5.51\conf\Catalina\localhost\TESTE.xml]
12-Apr-2020 17:19:34.334 INFORMAÇÕES [http-nio-8080-exec-9] org.apache.catalina.startup.HostConfig.deployDescriptor Deployment of deployment descriptor [C:\apache-tomcat-8.5.51\conf\Catalina\localhost\TESTE.xml] has finished in [109] ms
12-Apr-2020 17:19:34.361 INFORMAÇÕES [http-nio-8080-exec-1] org.apache.catalina.util.LifecycleBase.start The start() method was called on component [StandardEngine[Catalina].StandardHost[localhost].StandardContext[/TESTE]] after start() had already been called. The second call will be ignored.
12-Apr-2020 17:19:54.920 INFORMAÇÕES [http-nio-8080-exec-10] org.apache.catalina.startup.HostConfig.undeploy Undeploying context [/TESTE]
12-Apr-2020 17:19:54.952 INFORMAÇÕES [http-nio-8080-exec-7] org.apache.catalina.startup.HostConfig.deployDescriptor Deploying deployment descriptor [C:\apache-tomcat-8.5.51\conf\Catalina\localhost\TESTE.xml]
12-Apr-2020 17:19:55.073 INFORMAÇÕES [http-nio-8080-exec-7] org.apache.catalina.startup.HostConfig.deployDescriptor Deployment of deployment descriptor [C:\apache-tomcat-8.5.51\conf\Catalina\localhost\TESTE.xml] has finished in [120] ms
12-Apr-2020 17:19:55.086 INFORMAÇÕES [http-nio-8080-exec-5] org.apache.catalina.util.LifecycleBase.start The start() method was called on component [StandardEngine[Catalina].StandardHost[localhost].StandardContext[/TESTE]] after start() had already been called. The second call will be ignored.
12-Apr-2020 18:15:22.240 INFORMAÇÕES [http-nio-8080-exec-17] org.apache.catalina.startup.HostConfig.undeploy Undeploying context [/TESTE]
12-Apr-2020 18:15:22.294 INFORMAÇÕES [http-nio-8080-exec-14] org.apache.catalina.startup.HostConfig.deployDescriptor Deploying deployment descriptor [C:\apache-tomcat-8.5.51\conf\Catalina\localhost\TESTE.xml]
12-Apr-2020 18:15:22.571 INFORMAÇÕES [http-nio-8080-exec-14] org.apache.catalina.startup.HostConfig.deployDescriptor Deployment of deployment descriptor [C:\apache-tomcat-8.5.51\conf\Catalina\localhost\TESTE.xml] has finished in [277] ms
12-Apr-2020 18:15:22.576 INFORMAÇÕES [http-nio-8080-exec-16] org.apache.catalina.util.LifecycleBase.start The start() method was called on component [StandardEngine[Catalina].StandardHost[localhost].StandardContext[/TESTE]] after start() had already been called. The second call will be ignored.
12-Apr-2020 18:16:36.165 INFORMAÇÕES [main] org.apache.catalina.core.StandardServer.await A valid shutdown command was received via the shutdown port. Stopping the Server instance.
12-Apr-2020 18:16:36.165 INFORMAÇÕES [main] org.apache.coyote.AbstractProtocol.pause Pausing ProtocolHandler ["http-nio-8080"]
12-Apr-2020 18:16:36.204 INFORMAÇÕES [main] org.apache.catalina.core.StandardService.stopInternal Stopping service [Catalina]
12-Apr-2020 18:16:36.271 INFORMAÇÕES [main] org.apache.coyote.AbstractProtocol.stop Stopping ProtocolHandler ["http-nio-8080"]
12-Apr-2020 18:16:36.274 INFORMAÇÕES [main] org.apache.coyote.AbstractProtocol.destroy Destroying ProtocolHandler ["http-nio-8080"]
